<?xml version="1.0" encoding="utf-8"?>
<testsuites>
<testsuite package="org.eslint" time="0" tests="62" errors="62" name="src/sass/components/_components.cookie.scss">
<testcase time="0" name="org.eslint.no-css-comments"><failure message="Multiline style comments should not be used"><![CDATA[line 1, col 1, Warning - Multiline style comments should not be used (no-css-comments)]]></failure></testcase>
<testcase time="0" name="org.eslint.indentation"><failure message="Mixed tabs and spaces"><![CDATA[line 6, col 2, Warning - Mixed tabs and spaces (indentation)]]></failure></testcase>
<testcase time="0" name="org.eslint.no-color-literals"><failure message="Color functions such as &#39;rgba&#39; should only be used in variable declarations"><![CDATA[line 6, col 14, Warning - Color functions such as &#39;rgba&#39; should only be used in variable declarations (no-color-literals)]]></failure></testcase>
<testcase time="0" name="org.eslint.property-sort-order"><failure message="Expected `bottom`, found `color`"><![CDATA[line 7, col 2, Warning - Expected `bottom`, found `color` (property-sort-order)]]></failure></testcase>
<testcase time="0" name="org.eslint.indentation"><failure message="Mixed tabs and spaces"><![CDATA[line 7, col 2, Warning - Mixed tabs and spaces (indentation)]]></failure></testcase>
<testcase time="0" name="org.eslint.no-color-literals"><failure message="Color literals such as &#39;#fff&#39; should only be used in variable declarations"><![CDATA[line 7, col 9, Warning - Color literals such as &#39;#fff&#39; should only be used in variable declarations (no-color-literals)]]></failure></testcase>
<testcase time="0" name="org.eslint.property-sort-order"><failure message="Expected `color`, found `font-size`"><![CDATA[line 8, col 2, Warning - Expected `color`, found `font-size` (property-sort-order)]]></failure></testcase>
<testcase time="0" name="org.eslint.indentation"><failure message="Mixed tabs and spaces"><![CDATA[line 8, col 2, Warning - Mixed tabs and spaces (indentation)]]></failure></testcase>
<testcase time="0" name="org.eslint.leading-zero"><failure message="Don&#39;t include leading zeros on numbers"><![CDATA[line 8, col 13, Warning - Don&#39;t include leading zeros on numbers (leading-zero)]]></failure></testcase>
<testcase time="0" name="org.eslint.property-sort-order"><failure message="Expected `display`, found `position`"><![CDATA[line 9, col 2, Warning - Expected `display`, found `position` (property-sort-order)]]></failure></testcase>
<testcase time="0" name="org.eslint.indentation"><failure message="Mixed tabs and spaces"><![CDATA[line 9, col 2, Warning - Mixed tabs and spaces (indentation)]]></failure></testcase>
<testcase time="0" name="org.eslint.property-sort-order"><failure message="Expected `font-size`, found `bottom`"><![CDATA[line 10, col 2, Warning - Expected `font-size`, found `bottom` (property-sort-order)]]></failure></testcase>
<testcase time="0" name="org.eslint.indentation"><failure message="Mixed tabs and spaces"><![CDATA[line 10, col 2, Warning - Mixed tabs and spaces (indentation)]]></failure></testcase>
<testcase time="0" name="org.eslint.property-sort-order"><failure message="Expected `position`, found `width`"><![CDATA[line 11, col 2, Warning - Expected `position`, found `width` (property-sort-order)]]></failure></testcase>
<testcase time="0" name="org.eslint.indentation"><failure message="Mixed tabs and spaces"><![CDATA[line 11, col 2, Warning - Mixed tabs and spaces (indentation)]]></failure></testcase>
<testcase time="0" name="org.eslint.property-sort-order"><failure message="Expected `width`, found `display`"><![CDATA[line 12, col 2, Warning - Expected `width`, found `display` (property-sort-order)]]></failure></testcase>
<testcase time="0" name="org.eslint.indentation"><failure message="Mixed tabs and spaces"><![CDATA[line 12, col 2, Warning - Mixed tabs and spaces (indentation)]]></failure></testcase>
<testcase time="0" name="org.eslint.indentation"><failure message="Mixed tabs and spaces"><![CDATA[line 13, col 2, Warning - Mixed tabs and spaces (indentation)]]></failure></testcase>
<testcase time="0" name="org.eslint.empty-line-between-blocks"><failure message="Space expected between blocks"><![CDATA[line 14, col 1, Warning - Space expected between blocks (empty-line-between-blocks)]]></failure></testcase>
<testcase time="0" name="org.eslint.indentation"><failure message="Mixed tabs and spaces"><![CDATA[line 14, col 2, Warning - Mixed tabs and spaces (indentation)]]></failure></testcase>
<testcase time="0" name="org.eslint.indentation"><failure message="Mixed tabs and spaces"><![CDATA[line 15, col 3, Warning - Mixed tabs and spaces (indentation)]]></failure></testcase>
<testcase time="0" name="org.eslint.empty-line-between-blocks"><failure message="Space expected between blocks"><![CDATA[line 17, col 1, Warning - Space expected between blocks (empty-line-between-blocks)]]></failure></testcase>
<testcase time="0" name="org.eslint.indentation"><failure message="Mixed tabs and spaces"><![CDATA[line 17, col 2, Warning - Mixed tabs and spaces (indentation)]]></failure></testcase>
<testcase time="0" name="org.eslint.indentation"><failure message="Mixed tabs and spaces"><![CDATA[line 18, col 3, Warning - Mixed tabs and spaces (indentation)]]></failure></testcase>
<testcase time="0" name="org.eslint.no-color-literals"><failure message="Color literals such as &#39;#fff&#39; should only be used in variable declarations"><![CDATA[line 18, col 10, Warning - Color literals such as &#39;#fff&#39; should only be used in variable declarations (no-color-literals)]]></failure></testcase>
<testcase time="0" name="org.eslint.indentation"><failure message="Mixed tabs and spaces"><![CDATA[line 19, col 3, Warning - Mixed tabs and spaces (indentation)]]></failure></testcase>
<testcase time="0" name="org.eslint.indentation"><failure message="Mixed tabs and spaces"><![CDATA[line 21, col 3, Warning - Mixed tabs and spaces (indentation)]]></failure></testcase>
<testcase time="0" name="org.eslint.single-line-per-selector"><failure message="Selectors must be placed on new lines"><![CDATA[line 21, col 12, Warning - Selectors must be placed on new lines (single-line-per-selector)]]></failure></testcase>
<testcase time="0" name="org.eslint.single-line-per-selector"><failure message="Selectors must be placed on new lines"><![CDATA[line 21, col 22, Warning - Selectors must be placed on new lines (single-line-per-selector)]]></failure></testcase>
<testcase time="0" name="org.eslint.indentation"><failure message="Mixed tabs and spaces"><![CDATA[line 22, col 4, Warning - Mixed tabs and spaces (indentation)]]></failure></testcase>
<testcase time="0" name="org.eslint.class-name-format"><failure message="Class &#39;.cookie__close&#39; should be written in lowercase with hyphens"><![CDATA[line 27, col 2, Warning - Class &#39;.cookie__close&#39; should be written in lowercase with hyphens (class-name-format)]]></failure></testcase>
<testcase time="0" name="org.eslint.indentation"><failure message="Mixed tabs and spaces"><![CDATA[line 28, col 2, Warning - Mixed tabs and spaces (indentation)]]></failure></testcase>
<testcase time="0" name="org.eslint.no-color-literals"><failure message="Color literals such as &#39;#fff&#39; should only be used in variable declarations"><![CDATA[line 28, col 9, Warning - Color literals such as &#39;#fff&#39; should only be used in variable declarations (no-color-literals)]]></failure></testcase>
<testcase time="0" name="org.eslint.indentation"><failure message="Mixed tabs and spaces"><![CDATA[line 29, col 2, Warning - Mixed tabs and spaces (indentation)]]></failure></testcase>
<testcase time="0" name="org.eslint.property-sort-order"><failure message="Expected `cursor`, found `font-size`"><![CDATA[line 29, col 2, Warning - Expected `cursor`, found `font-size` (property-sort-order)]]></failure></testcase>
<testcase time="0" name="org.eslint.space-around-operator"><failure message="Space expected around operator"><![CDATA[line 29, col 16, Warning - Space expected around operator (space-around-operator)]]></failure></testcase>
<testcase time="0" name="org.eslint.space-around-operator"><failure message="Space expected around operator"><![CDATA[line 29, col 20, Warning - Space expected around operator (space-around-operator)]]></failure></testcase>
<testcase time="0" name="org.eslint.property-sort-order"><failure message="Expected `font-size`, found `cursor`"><![CDATA[line 30, col 2, Warning - Expected `font-size`, found `cursor` (property-sort-order)]]></failure></testcase>
<testcase time="0" name="org.eslint.indentation"><failure message="Mixed tabs and spaces"><![CDATA[line 30, col 2, Warning - Mixed tabs and spaces (indentation)]]></failure></testcase>
<testcase time="0" name="org.eslint.indentation"><failure message="Mixed tabs and spaces"><![CDATA[line 31, col 2, Warning - Mixed tabs and spaces (indentation)]]></failure></testcase>
<testcase time="0" name="org.eslint.property-sort-order"><failure message="Expected `margin-top`, found `opacity`"><![CDATA[line 31, col 2, Warning - Expected `margin-top`, found `opacity` (property-sort-order)]]></failure></testcase>
<testcase time="0" name="org.eslint.indentation"><failure message="Mixed tabs and spaces"><![CDATA[line 32, col 2, Warning - Mixed tabs and spaces (indentation)]]></failure></testcase>
<testcase time="0" name="org.eslint.property-sort-order"><failure message="Expected `opacity`, found `transition`"><![CDATA[line 32, col 2, Warning - Expected `opacity`, found `transition` (property-sort-order)]]></failure></testcase>
<testcase time="0" name="org.eslint.property-sort-order"><failure message="Expected `transition`, found `margin-top`"><![CDATA[line 33, col 2, Warning - Expected `transition`, found `margin-top` (property-sort-order)]]></failure></testcase>
<testcase time="0" name="org.eslint.indentation"><failure message="Mixed tabs and spaces"><![CDATA[line 33, col 2, Warning - Mixed tabs and spaces (indentation)]]></failure></testcase>
<testcase time="0" name="org.eslint.space-around-operator"><failure message="Space expected around operator"><![CDATA[line 33, col 34, Warning - Space expected around operator (space-around-operator)]]></failure></testcase>
<testcase time="0" name="org.eslint.indentation"><failure message="Mixed tabs and spaces"><![CDATA[line 35, col 2, Warning - Mixed tabs and spaces (indentation)]]></failure></testcase>
<testcase time="0" name="org.eslint.single-line-per-selector"><failure message="Selectors must be placed on new lines"><![CDATA[line 35, col 11, Warning - Selectors must be placed on new lines (single-line-per-selector)]]></failure></testcase>
<testcase time="0" name="org.eslint.single-line-per-selector"><failure message="Selectors must be placed on new lines"><![CDATA[line 35, col 21, Warning - Selectors must be placed on new lines (single-line-per-selector)]]></failure></testcase>
<testcase time="0" name="org.eslint.indentation"><failure message="Mixed tabs and spaces"><![CDATA[line 36, col 3, Warning - Mixed tabs and spaces (indentation)]]></failure></testcase>
<testcase time="0" name="org.eslint.indentation"><failure message="Mixed tabs and spaces"><![CDATA[line 38, col 2, Warning - Mixed tabs and spaces (indentation)]]></failure></testcase>
<testcase time="0" name="org.eslint.indentation"><failure message="Mixed tabs and spaces"><![CDATA[line 39, col 3, Warning - Mixed tabs and spaces (indentation)]]></failure></testcase>
<testcase time="0" name="org.eslint.space-around-operator"><failure message="Space expected around operator"><![CDATA[line 39, col 17, Warning - Space expected around operator (space-around-operator)]]></failure></testcase>
<testcase time="0" name="org.eslint.space-around-operator"><failure message="Space expected around operator"><![CDATA[line 39, col 21, Warning - Space expected around operator (space-around-operator)]]></failure></testcase>
<testcase time="0" name="org.eslint.property-sort-order"><failure message="Expected `margin-top`, found `position`"><![CDATA[line 40, col 3, Warning - Expected `margin-top`, found `position` (property-sort-order)]]></failure></testcase>
<testcase time="0" name="org.eslint.indentation"><failure message="Mixed tabs and spaces"><![CDATA[line 40, col 3, Warning - Mixed tabs and spaces (indentation)]]></failure></testcase>
<testcase time="0" name="org.eslint.property-sort-order"><failure message="Expected `position`, found `top`"><![CDATA[line 41, col 3, Warning - Expected `position`, found `top` (property-sort-order)]]></failure></testcase>
<testcase time="0" name="org.eslint.indentation"><failure message="Mixed tabs and spaces"><![CDATA[line 41, col 3, Warning - Mixed tabs and spaces (indentation)]]></failure></testcase>
<testcase time="0" name="org.eslint.property-sort-order"><failure message="Expected `right`, found `margin-top`"><![CDATA[line 42, col 3, Warning - Expected `right`, found `margin-top` (property-sort-order)]]></failure></testcase>
<testcase time="0" name="org.eslint.indentation"><failure message="Mixed tabs and spaces"><![CDATA[line 42, col 3, Warning - Mixed tabs and spaces (indentation)]]></failure></testcase>
<testcase time="0" name="org.eslint.property-sort-order"><failure message="Expected `top`, found `right`"><![CDATA[line 43, col 3, Warning - Expected `top`, found `right` (property-sort-order)]]></failure></testcase>
<testcase time="0" name="org.eslint.indentation"><failure message="Mixed tabs and spaces"><![CDATA[line 43, col 3, Warning - Mixed tabs and spaces (indentation)]]></failure></testcase>
</testsuite>
<testsuite package="org.eslint" time="0" tests="1" errors="1" name="src/sass/components/_components.footer.scss">
<testcase time="0" name="org.eslint.no-css-comments"><failure message="Multiline style comments should not be used"><![CDATA[line 1, col 1, Warning - Multiline style comments should not be used (no-css-comments)]]></failure></testcase>
</testsuite>
<testsuite package="org.eslint" time="0" tests="27" errors="27" name="src/sass/components/_components.header.scss">
<testcase time="0" name="org.eslint.no-css-comments"><failure message="Multiline style comments should not be used"><![CDATA[line 1, col 1, Warning - Multiline style comments should not be used (no-css-comments)]]></failure></testcase>
<testcase time="0" name="org.eslint.force-pseudo-nesting"><failure message="Pseudo-class should be nested within its parent Class"><![CDATA[line 6, col 1, Warning - Pseudo-class should be nested within its parent Class (force-pseudo-nesting)]]></failure></testcase>
<testcase time="0" name="org.eslint.class-name-format"><failure message="Class &#39;.header__skip&#39; should be written in lowercase with hyphens"><![CDATA[line 6, col 2, Warning - Class &#39;.header__skip&#39; should be written in lowercase with hyphens (class-name-format)]]></failure></testcase>
<testcase time="0" name="org.eslint.indentation"><failure message="Mixed tabs and spaces"><![CDATA[line 7, col 2, Warning - Mixed tabs and spaces (indentation)]]></failure></testcase>
<testcase time="0" name="org.eslint.space-before-bang"><failure message="Whitespace required before !important"><![CDATA[line 7, col 11, Warning - Whitespace required before !important (space-before-bang)]]></failure></testcase>
<testcase time="0" name="org.eslint.no-important"><failure message="!important not allowed"><![CDATA[line 7, col 11, Warning - !important not allowed (no-important)]]></failure></testcase>
<testcase time="0" name="org.eslint.indentation"><failure message="Mixed tabs and spaces"><![CDATA[line 8, col 2, Warning - Mixed tabs and spaces (indentation)]]></failure></testcase>
<testcase time="0" name="org.eslint.no-important"><failure message="!important not allowed"><![CDATA[line 8, col 21, Warning - !important not allowed (no-important)]]></failure></testcase>
<testcase time="0" name="org.eslint.space-before-bang"><failure message="Whitespace required before !important"><![CDATA[line 8, col 21, Warning - Whitespace required before !important (space-before-bang)]]></failure></testcase>
<testcase time="0" name="org.eslint.indentation"><failure message="Mixed tabs and spaces"><![CDATA[line 9, col 2, Warning - Mixed tabs and spaces (indentation)]]></failure></testcase>
<testcase time="0" name="org.eslint.no-important"><failure message="!important not allowed"><![CDATA[line 9, col 13, Warning - !important not allowed (no-important)]]></failure></testcase>
<testcase time="0" name="org.eslint.space-before-bang"><failure message="Whitespace required before !important"><![CDATA[line 9, col 13, Warning - Whitespace required before !important (space-before-bang)]]></failure></testcase>
<testcase time="0" name="org.eslint.indentation"><failure message="Mixed tabs and spaces"><![CDATA[line 10, col 2, Warning - Mixed tabs and spaces (indentation)]]></failure></testcase>
<testcase time="0" name="org.eslint.no-important"><failure message="!important not allowed"><![CDATA[line 10, col 14, Warning - !important not allowed (no-important)]]></failure></testcase>
<testcase time="0" name="org.eslint.space-before-bang"><failure message="Whitespace required before !important"><![CDATA[line 10, col 14, Warning - Whitespace required before !important (space-before-bang)]]></failure></testcase>
<testcase time="0" name="org.eslint.indentation"><failure message="Mixed tabs and spaces"><![CDATA[line 11, col 2, Warning - Mixed tabs and spaces (indentation)]]></failure></testcase>
<testcase time="0" name="org.eslint.space-before-bang"><failure message="Whitespace required before !important"><![CDATA[line 11, col 18, Warning - Whitespace required before !important (space-before-bang)]]></failure></testcase>
<testcase time="0" name="org.eslint.no-important"><failure message="!important not allowed"><![CDATA[line 11, col 18, Warning - !important not allowed (no-important)]]></failure></testcase>
<testcase time="0" name="org.eslint.indentation"><failure message="Mixed tabs and spaces"><![CDATA[line 12, col 2, Warning - Mixed tabs and spaces (indentation)]]></failure></testcase>
<testcase time="0" name="org.eslint.no-important"><failure message="!important not allowed"><![CDATA[line 12, col 12, Warning - !important not allowed (no-important)]]></failure></testcase>
<testcase time="0" name="org.eslint.space-before-bang"><failure message="Whitespace required before !important"><![CDATA[line 12, col 12, Warning - Whitespace required before !important (space-before-bang)]]></failure></testcase>
<testcase time="0" name="org.eslint.indentation"><failure message="Mixed tabs and spaces"><![CDATA[line 13, col 2, Warning - Mixed tabs and spaces (indentation)]]></failure></testcase>
<testcase time="0" name="org.eslint.no-important"><failure message="!important not allowed"><![CDATA[line 13, col 20, Warning - !important not allowed (no-important)]]></failure></testcase>
<testcase time="0" name="org.eslint.space-before-bang"><failure message="Whitespace required before !important"><![CDATA[line 13, col 20, Warning - Whitespace required before !important (space-before-bang)]]></failure></testcase>
<testcase time="0" name="org.eslint.indentation"><failure message="Mixed tabs and spaces"><![CDATA[line 14, col 2, Warning - Mixed tabs and spaces (indentation)]]></failure></testcase>
<testcase time="0" name="org.eslint.no-important"><failure message="!important not allowed"><![CDATA[line 14, col 12, Warning - !important not allowed (no-important)]]></failure></testcase>
<testcase time="0" name="org.eslint.space-before-bang"><failure message="Whitespace required before !important"><![CDATA[line 14, col 12, Warning - Whitespace required before !important (space-before-bang)]]></failure></testcase>
</testsuite>
<testsuite package="org.eslint" time="0" tests="1" errors="1" name="src/sass/components/_components.nav.scss">
<testcase time="0" name="org.eslint.no-css-comments"><failure message="Multiline style comments should not be used"><![CDATA[line 1, col 1, Warning - Multiline style comments should not be used (no-css-comments)]]></failure></testcase>
</testsuite>
<testsuite package="org.eslint" time="0" tests="31" errors="31" name="src/sass/elements/_elements.form.scss">
<testcase time="0" name="org.eslint.no-css-comments"><failure message="Multiline style comments should not be used"><![CDATA[line 1, col 1, Warning - Multiline style comments should not be used (no-css-comments)]]></failure></testcase>
<testcase time="0" name="org.eslint.indentation"><failure message="Mixed tabs and spaces"><![CDATA[line 9, col 2, Warning - Mixed tabs and spaces (indentation)]]></failure></testcase>
<testcase time="0" name="org.eslint.property-sort-order"><failure message="Expected `border`, found `outline`"><![CDATA[line 9, col 2, Warning - Expected `border`, found `outline` (property-sort-order)]]></failure></testcase>
<testcase time="0" name="org.eslint.indentation"><failure message="Mixed tabs and spaces"><![CDATA[line 10, col 2, Warning - Mixed tabs and spaces (indentation)]]></failure></testcase>
<testcase time="0" name="org.eslint.property-sort-order"><failure message="Expected `outline`, found `border`"><![CDATA[line 10, col 2, Warning - Expected `outline`, found `border` (property-sort-order)]]></failure></testcase>
<testcase time="0" name="org.eslint.indentation"><failure message="Mixed tabs and spaces"><![CDATA[line 11, col 2, Warning - Mixed tabs and spaces (indentation)]]></failure></testcase>
<testcase time="0" name="org.eslint.property-sort-order"><failure message="Expected `min-height`, found `resize`"><![CDATA[line 15, col 2, Warning - Expected `min-height`, found `resize` (property-sort-order)]]></failure></testcase>
<testcase time="0" name="org.eslint.indentation"><failure message="Mixed tabs and spaces"><![CDATA[line 15, col 2, Warning - Mixed tabs and spaces (indentation)]]></failure></testcase>
<testcase time="0" name="org.eslint.property-sort-order"><failure message="Expected `resize`, found `min-height`"><![CDATA[line 16, col 2, Warning - Expected `resize`, found `min-height` (property-sort-order)]]></failure></testcase>
<testcase time="0" name="org.eslint.indentation"><failure message="Mixed tabs and spaces"><![CDATA[line 16, col 2, Warning - Mixed tabs and spaces (indentation)]]></failure></testcase>
<testcase time="0" name="org.eslint.space-around-operator"><failure message="Space expected around operator"><![CDATA[line 16, col 34, Warning - Space expected around operator (space-around-operator)]]></failure></testcase>
<testcase time="0" name="org.eslint.indentation"><failure message="Mixed tabs and spaces"><![CDATA[line 17, col 2, Warning - Mixed tabs and spaces (indentation)]]></failure></testcase>
<testcase time="0" name="org.eslint.no-vendor-prefixes"><failure message="Vendor prefixes should not be used"><![CDATA[line 21, col 3, Warning - Vendor prefixes should not be used (no-vendor-prefixes)]]></failure></testcase>
<testcase time="0" name="org.eslint.no-css-comments"><failure message="Multiline style comments should not be used"><![CDATA[line 21, col 31, Warning - Multiline style comments should not be used (no-css-comments)]]></failure></testcase>
<testcase time="0" name="org.eslint.indentation"><failure message="Mixed tabs and spaces"><![CDATA[line 22, col 2, Warning - Mixed tabs and spaces (indentation)]]></failure></testcase>
<testcase time="0" name="org.eslint.no-color-literals"><failure message="Color literals such as &#39;#777&#39; should only be used in variable declarations"><![CDATA[line 22, col 9, Warning - Color literals such as &#39;#777&#39; should only be used in variable declarations (no-color-literals)]]></failure></testcase>
<testcase time="0" name="org.eslint.empty-line-between-blocks"><failure message="Space expected between blocks"><![CDATA[line 23, col 1, Warning - Space expected between blocks (empty-line-between-blocks)]]></failure></testcase>
<testcase time="0" name="org.eslint.no-vendor-prefixes"><failure message="Vendor prefixes should not be used"><![CDATA[line 24, col 3, Warning - Vendor prefixes should not be used (no-vendor-prefixes)]]></failure></testcase>
<testcase time="0" name="org.eslint.no-css-comments"><failure message="Multiline style comments should not be used"><![CDATA[line 24, col 22, Warning - Multiline style comments should not be used (no-css-comments)]]></failure></testcase>
<testcase time="0" name="org.eslint.indentation"><failure message="Mixed tabs and spaces"><![CDATA[line 25, col 2, Warning - Mixed tabs and spaces (indentation)]]></failure></testcase>
<testcase time="0" name="org.eslint.no-color-literals"><failure message="Color literals such as &#39;#777&#39; should only be used in variable declarations"><![CDATA[line 25, col 9, Warning - Color literals such as &#39;#777&#39; should only be used in variable declarations (no-color-literals)]]></failure></testcase>
<testcase time="0" name="org.eslint.empty-line-between-blocks"><failure message="Space expected between blocks"><![CDATA[line 26, col 1, Warning - Space expected between blocks (empty-line-between-blocks)]]></failure></testcase>
<testcase time="0" name="org.eslint.no-vendor-prefixes"><failure message="Vendor prefixes should not be used"><![CDATA[line 27, col 2, Warning - Vendor prefixes should not be used (no-vendor-prefixes)]]></failure></testcase>
<testcase time="0" name="org.eslint.no-css-comments"><failure message="Multiline style comments should not be used"><![CDATA[line 27, col 26, Warning - Multiline style comments should not be used (no-css-comments)]]></failure></testcase>
<testcase time="0" name="org.eslint.indentation"><failure message="Mixed tabs and spaces"><![CDATA[line 28, col 2, Warning - Mixed tabs and spaces (indentation)]]></failure></testcase>
<testcase time="0" name="org.eslint.no-color-literals"><failure message="Color literals such as &#39;#777&#39; should only be used in variable declarations"><![CDATA[line 28, col 9, Warning - Color literals such as &#39;#777&#39; should only be used in variable declarations (no-color-literals)]]></failure></testcase>
<testcase time="0" name="org.eslint.empty-line-between-blocks"><failure message="Space expected between blocks"><![CDATA[line 29, col 1, Warning - Space expected between blocks (empty-line-between-blocks)]]></failure></testcase>
<testcase time="0" name="org.eslint.no-vendor-prefixes"><failure message="Vendor prefixes should not be used"><![CDATA[line 30, col 2, Warning - Vendor prefixes should not be used (no-vendor-prefixes)]]></failure></testcase>
<testcase time="0" name="org.eslint.no-css-comments"><failure message="Multiline style comments should not be used"><![CDATA[line 30, col 21, Warning - Multiline style comments should not be used (no-css-comments)]]></failure></testcase>
<testcase time="0" name="org.eslint.indentation"><failure message="Mixed tabs and spaces"><![CDATA[line 31, col 2, Warning - Mixed tabs and spaces (indentation)]]></failure></testcase>
<testcase time="0" name="org.eslint.no-color-literals"><failure message="Color literals such as &#39;#777&#39; should only be used in variable declarations"><![CDATA[line 31, col 9, Warning - Color literals such as &#39;#777&#39; should only be used in variable declarations (no-color-literals)]]></failure></testcase>
</testsuite>
<testsuite package="org.eslint" time="0" tests="8" errors="8" name="src/sass/elements/_elements.hr.scss">
<testcase time="0" name="org.eslint.no-css-comments"><failure message="Multiline style comments should not be used"><![CDATA[line 1, col 1, Warning - Multiline style comments should not be used (no-css-comments)]]></failure></testcase>
<testcase time="0" name="org.eslint.indentation"><failure message="Mixed tabs and spaces"><![CDATA[line 6, col 2, Warning - Mixed tabs and spaces (indentation)]]></failure></testcase>
<testcase time="0" name="org.eslint.property-sort-order"><failure message="Expected `background`, found `border`"><![CDATA[line 6, col 2, Warning - Expected `background`, found `border` (property-sort-order)]]></failure></testcase>
<testcase time="0" name="org.eslint.indentation"><failure message="Mixed tabs and spaces"><![CDATA[line 7, col 2, Warning - Mixed tabs and spaces (indentation)]]></failure></testcase>
<testcase time="0" name="org.eslint.property-sort-order"><failure message="Expected `border`, found `height`"><![CDATA[line 7, col 2, Warning - Expected `border`, found `height` (property-sort-order)]]></failure></testcase>
<testcase time="0" name="org.eslint.indentation"><failure message="Mixed tabs and spaces"><![CDATA[line 8, col 2, Warning - Mixed tabs and spaces (indentation)]]></failure></testcase>
<testcase time="0" name="org.eslint.property-sort-order"><failure message="Expected `height`, found `background`"><![CDATA[line 8, col 2, Warning - Expected `height`, found `background` (property-sort-order)]]></failure></testcase>
<testcase time="0" name="org.eslint.indentation"><failure message="Mixed tabs and spaces"><![CDATA[line 9, col 2, Warning - Mixed tabs and spaces (indentation)]]></failure></testcase>
</testsuite>
<testsuite package="org.eslint" time="0" tests="2" errors="2" name="src/sass/elements/_elements.images.scss">
<testcase time="0" name="org.eslint.no-css-comments"><failure message="Multiline style comments should not be used"><![CDATA[line 1, col 1, Warning - Multiline style comments should not be used (no-css-comments)]]></failure></testcase>
<testcase time="0" name="org.eslint.indentation"><failure message="Mixed tabs and spaces"><![CDATA[line 6, col 2, Warning - Mixed tabs and spaces (indentation)]]></failure></testcase>
</testsuite>
<testsuite package="org.eslint" time="0" tests="89" errors="89" name="src/sass/elements/_elements.print.scss">
<testcase time="0" name="org.eslint.no-css-comments"><failure message="Multiline style comments should not be used"><![CDATA[line 1, col 1, Warning - Multiline style comments should not be used (no-css-comments)]]></failure></testcase>
<testcase time="0" name="org.eslint.indentation"><failure message="Mixed tabs and spaces"><![CDATA[line 6, col 2, Warning - Mixed tabs and spaces (indentation)]]></failure></testcase>
<testcase time="0" name="org.eslint.force-pseudo-nesting"><failure message="Pseudo-class should be nested within its parent Type-selector"><![CDATA[line 7, col 2, Warning - Pseudo-class should be nested within its parent Type-selector (force-pseudo-nesting)]]></failure></testcase>
<testcase time="0" name="org.eslint.indentation"><failure message="Mixed tabs and spaces"><![CDATA[line 7, col 2, Warning - Mixed tabs and spaces (indentation)]]></failure></testcase>
<testcase time="0" name="org.eslint.pseudo-element"><failure message="Pseudo-elements must start with double colons"><![CDATA[line 7, col 3, Warning - Pseudo-elements must start with double colons (pseudo-element)]]></failure></testcase>
<testcase time="0" name="org.eslint.force-pseudo-nesting"><failure message="Pseudo-class should be nested within its parent Type-selector"><![CDATA[line 8, col 2, Warning - Pseudo-class should be nested within its parent Type-selector (force-pseudo-nesting)]]></failure></testcase>
<testcase time="0" name="org.eslint.indentation"><failure message="Mixed tabs and spaces"><![CDATA[line 8, col 2, Warning - Mixed tabs and spaces (indentation)]]></failure></testcase>
<testcase time="0" name="org.eslint.pseudo-element"><failure message="Pseudo-elements must start with double colons"><![CDATA[line 8, col 3, Warning - Pseudo-elements must start with double colons (pseudo-element)]]></failure></testcase>
<testcase time="0" name="org.eslint.force-pseudo-nesting"><failure message="Pseudo-class should be nested within its parent Type-selector"><![CDATA[line 9, col 2, Warning - Pseudo-class should be nested within its parent Type-selector (force-pseudo-nesting)]]></failure></testcase>
<testcase time="0" name="org.eslint.indentation"><failure message="Mixed tabs and spaces"><![CDATA[line 9, col 2, Warning - Mixed tabs and spaces (indentation)]]></failure></testcase>
<testcase time="0" name="org.eslint.pseudo-element"><failure message="Pseudo-elements must start with double colons"><![CDATA[line 9, col 3, Warning - Pseudo-elements must start with double colons (pseudo-element)]]></failure></testcase>
<testcase time="0" name="org.eslint.force-pseudo-nesting"><failure message="Pseudo-class should be nested within its parent Type-selector"><![CDATA[line 10, col 2, Warning - Pseudo-class should be nested within its parent Type-selector (force-pseudo-nesting)]]></failure></testcase>
<testcase time="0" name="org.eslint.indentation"><failure message="Mixed tabs and spaces"><![CDATA[line 10, col 2, Warning - Mixed tabs and spaces (indentation)]]></failure></testcase>
<testcase time="0" name="org.eslint.pseudo-element"><failure message="Pseudo-elements must start with double colons"><![CDATA[line 10, col 3, Warning - Pseudo-elements must start with double colons (pseudo-element)]]></failure></testcase>
<testcase time="0" name="org.eslint.indentation"><failure message="Mixed tabs and spaces"><![CDATA[line 11, col 3, Warning - Mixed tabs and spaces (indentation)]]></failure></testcase>
<testcase time="0" name="org.eslint.no-important"><failure message="!important not allowed"><![CDATA[line 11, col 27, Warning - !important not allowed (no-important)]]></failure></testcase>
<testcase time="0" name="org.eslint.indentation"><failure message="Mixed tabs and spaces"><![CDATA[line 12, col 3, Warning - Mixed tabs and spaces (indentation)]]></failure></testcase>
<testcase time="0" name="org.eslint.property-sort-order"><failure message="Expected `box-shadow`, found `color`"><![CDATA[line 12, col 3, Warning - Expected `box-shadow`, found `color` (property-sort-order)]]></failure></testcase>
<testcase time="0" name="org.eslint.no-color-literals"><failure message="Color literals such as &#39;#000&#39; should only be used in variable declarations"><![CDATA[line 12, col 10, Warning - Color literals such as &#39;#000&#39; should only be used in variable declarations (no-color-literals)]]></failure></testcase>
<testcase time="0" name="org.eslint.no-important"><failure message="!important not allowed"><![CDATA[line 12, col 15, Warning - !important not allowed (no-important)]]></failure></testcase>
<testcase time="0" name="org.eslint.property-sort-order"><failure message="Expected `color`, found `box-shadow`"><![CDATA[line 13, col 3, Warning - Expected `color`, found `box-shadow` (property-sort-order)]]></failure></testcase>
<testcase time="0" name="org.eslint.indentation"><failure message="Mixed tabs and spaces"><![CDATA[line 13, col 3, Warning - Mixed tabs and spaces (indentation)]]></failure></testcase>
<testcase time="0" name="org.eslint.no-important"><failure message="!important not allowed"><![CDATA[line 13, col 20, Warning - !important not allowed (no-important)]]></failure></testcase>
<testcase time="0" name="org.eslint.indentation"><failure message="Mixed tabs and spaces"><![CDATA[line 14, col 3, Warning - Mixed tabs and spaces (indentation)]]></failure></testcase>
<testcase time="0" name="org.eslint.no-important"><failure message="!important not allowed"><![CDATA[line 14, col 21, Warning - !important not allowed (no-important)]]></failure></testcase>
<testcase time="0" name="org.eslint.indentation"><failure message="Mixed tabs and spaces"><![CDATA[line 17, col 2, Warning - Mixed tabs and spaces (indentation)]]></failure></testcase>
<testcase time="0" name="org.eslint.force-pseudo-nesting"><failure message="Pseudo-class should be nested within its parent Type-selector"><![CDATA[line 18, col 2, Warning - Pseudo-class should be nested within its parent Type-selector (force-pseudo-nesting)]]></failure></testcase>
<testcase time="0" name="org.eslint.indentation"><failure message="Mixed tabs and spaces"><![CDATA[line 18, col 2, Warning - Mixed tabs and spaces (indentation)]]></failure></testcase>
<testcase time="0" name="org.eslint.indentation"><failure message="Mixed tabs and spaces"><![CDATA[line 19, col 3, Warning - Mixed tabs and spaces (indentation)]]></failure></testcase>
<testcase time="0" name="org.eslint.indentation"><failure message="Mixed tabs and spaces"><![CDATA[line 22, col 2, Warning - Mixed tabs and spaces (indentation)]]></failure></testcase>
<testcase time="0" name="org.eslint.force-attribute-nesting"><failure message="Attribute-selector should be nested within its parent Type-selector"><![CDATA[line 22, col 2, Warning - Attribute-selector should be nested within its parent Type-selector (force-attribute-nesting)]]></failure></testcase>
<testcase time="0" name="org.eslint.force-pseudo-nesting"><failure message="Pseudo-class should be nested within its parent Attribute-selector"><![CDATA[line 22, col 2, Warning - Pseudo-class should be nested within its parent Attribute-selector (force-pseudo-nesting)]]></failure></testcase>
<testcase time="0" name="org.eslint.no-qualifying-elements"><failure message="Qualifying elements are not allowed for attribute selectors"><![CDATA[line 22, col 3, Warning - Qualifying elements are not allowed for attribute selectors (no-qualifying-elements)]]></failure></testcase>
<testcase time="0" name="org.eslint.pseudo-element"><failure message="Pseudo-elements must start with double colons"><![CDATA[line 22, col 9, Warning - Pseudo-elements must start with double colons (pseudo-element)]]></failure></testcase>
<testcase time="0" name="org.eslint.indentation"><failure message="Mixed tabs and spaces"><![CDATA[line 23, col 3, Warning - Mixed tabs and spaces (indentation)]]></failure></testcase>
<testcase time="0" name="org.eslint.quotes"><failure message="Strings must use single quotes"><![CDATA[line 23, col 12, Warning - Strings must use single quotes (quotes)]]></failure></testcase>
<testcase time="0" name="org.eslint.quotes"><failure message="Strings must use single quotes"><![CDATA[line 23, col 28, Warning - Strings must use single quotes (quotes)]]></failure></testcase>
<testcase time="0" name="org.eslint.force-pseudo-nesting"><failure message="Pseudo-class should be nested within its parent Attribute-selector"><![CDATA[line 26, col 2, Warning - Pseudo-class should be nested within its parent Attribute-selector (force-pseudo-nesting)]]></failure></testcase>
<testcase time="0" name="org.eslint.indentation"><failure message="Mixed tabs and spaces"><![CDATA[line 26, col 2, Warning - Mixed tabs and spaces (indentation)]]></failure></testcase>
<testcase time="0" name="org.eslint.force-attribute-nesting"><failure message="Attribute-selector should be nested within its parent Type-selector"><![CDATA[line 26, col 2, Warning - Attribute-selector should be nested within its parent Type-selector (force-attribute-nesting)]]></failure></testcase>
<testcase time="0" name="org.eslint.no-qualifying-elements"><failure message="Qualifying elements are not allowed for attribute selectors"><![CDATA[line 26, col 6, Warning - Qualifying elements are not allowed for attribute selectors (no-qualifying-elements)]]></failure></testcase>
<testcase time="0" name="org.eslint.pseudo-element"><failure message="Pseudo-elements must start with double colons"><![CDATA[line 26, col 13, Warning - Pseudo-elements must start with double colons (pseudo-element)]]></failure></testcase>
<testcase time="0" name="org.eslint.indentation"><failure message="Mixed tabs and spaces"><![CDATA[line 27, col 3, Warning - Mixed tabs and spaces (indentation)]]></failure></testcase>
<testcase time="0" name="org.eslint.quotes"><failure message="Strings must use single quotes"><![CDATA[line 27, col 12, Warning - Strings must use single quotes (quotes)]]></failure></testcase>
<testcase time="0" name="org.eslint.quotes"><failure message="Strings must use single quotes"><![CDATA[line 27, col 29, Warning - Strings must use single quotes (quotes)]]></failure></testcase>
<testcase time="0" name="org.eslint.empty-line-between-blocks"><failure message="Space expected between blocks"><![CDATA[line 29, col 1, Warning - Space expected between blocks (empty-line-between-blocks)]]></failure></testcase>
<testcase time="0" name="org.eslint.force-attribute-nesting"><failure message="Attribute-selector should be nested within its parent Type-selector"><![CDATA[line 29, col 2, Warning - Attribute-selector should be nested within its parent Type-selector (force-attribute-nesting)]]></failure></testcase>
<testcase time="0" name="org.eslint.force-pseudo-nesting"><failure message="Pseudo-class should be nested within its parent Attribute-selector"><![CDATA[line 29, col 2, Warning - Pseudo-class should be nested within its parent Attribute-selector (force-pseudo-nesting)]]></failure></testcase>
<testcase time="0" name="org.eslint.indentation"><failure message="Mixed tabs and spaces"><![CDATA[line 29, col 2, Warning - Mixed tabs and spaces (indentation)]]></failure></testcase>
<testcase time="0" name="org.eslint.no-qualifying-elements"><failure message="Qualifying elements are not allowed for attribute selectors"><![CDATA[line 29, col 3, Warning - Qualifying elements are not allowed for attribute selectors (no-qualifying-elements)]]></failure></testcase>
<testcase time="0" name="org.eslint.quotes"><failure message="Strings must use single quotes"><![CDATA[line 29, col 10, Warning - Strings must use single quotes (quotes)]]></failure></testcase>
<testcase time="0" name="org.eslint.pseudo-element"><failure message="Pseudo-elements must start with double colons"><![CDATA[line 29, col 14, Warning - Pseudo-elements must start with double colons (pseudo-element)]]></failure></testcase>
<testcase time="0" name="org.eslint.force-attribute-nesting"><failure message="Attribute-selector should be nested within its parent Type-selector"><![CDATA[line 30, col 2, Warning - Attribute-selector should be nested within its parent Type-selector (force-attribute-nesting)]]></failure></testcase>
<testcase time="0" name="org.eslint.indentation"><failure message="Mixed tabs and spaces"><![CDATA[line 30, col 2, Warning - Mixed tabs and spaces (indentation)]]></failure></testcase>
<testcase time="0" name="org.eslint.force-pseudo-nesting"><failure message="Pseudo-class should be nested within its parent Attribute-selector"><![CDATA[line 30, col 2, Warning - Pseudo-class should be nested within its parent Attribute-selector (force-pseudo-nesting)]]></failure></testcase>
<testcase time="0" name="org.eslint.no-qualifying-elements"><failure message="Qualifying elements are not allowed for attribute selectors"><![CDATA[line 30, col 3, Warning - Qualifying elements are not allowed for attribute selectors (no-qualifying-elements)]]></failure></testcase>
<testcase time="0" name="org.eslint.quotes"><failure message="Strings must use single quotes"><![CDATA[line 30, col 10, Warning - Strings must use single quotes (quotes)]]></failure></testcase>
<testcase time="0" name="org.eslint.pseudo-element"><failure message="Pseudo-elements must start with double colons"><![CDATA[line 30, col 24, Warning - Pseudo-elements must start with double colons (pseudo-element)]]></failure></testcase>
<testcase time="0" name="org.eslint.indentation"><failure message="Mixed tabs and spaces"><![CDATA[line 31, col 3, Warning - Mixed tabs and spaces (indentation)]]></failure></testcase>
<testcase time="0" name="org.eslint.quotes"><failure message="Strings must use single quotes"><![CDATA[line 31, col 12, Warning - Strings must use single quotes (quotes)]]></failure></testcase>
<testcase time="0" name="org.eslint.empty-line-between-blocks"><failure message="Space expected between blocks"><![CDATA[line 33, col 1, Warning - Space expected between blocks (empty-line-between-blocks)]]></failure></testcase>
<testcase time="0" name="org.eslint.indentation"><failure message="Mixed tabs and spaces"><![CDATA[line 33, col 2, Warning - Mixed tabs and spaces (indentation)]]></failure></testcase>
<testcase time="0" name="org.eslint.indentation"><failure message="Mixed tabs and spaces"><![CDATA[line 34, col 2, Warning - Mixed tabs and spaces (indentation)]]></failure></testcase>
<testcase time="0" name="org.eslint.indentation"><failure message="Mixed tabs and spaces"><![CDATA[line 35, col 3, Warning - Mixed tabs and spaces (indentation)]]></failure></testcase>
<testcase time="0" name="org.eslint.no-color-literals"><failure message="Color literals such as &#39;#999&#39; should only be used in variable declarations"><![CDATA[line 35, col 21, Warning - Color literals such as &#39;#999&#39; should only be used in variable declarations (no-color-literals)]]></failure></testcase>
<testcase time="0" name="org.eslint.indentation"><failure message="Mixed tabs and spaces"><![CDATA[line 36, col 3, Warning - Mixed tabs and spaces (indentation)]]></failure></testcase>
<testcase time="0" name="org.eslint.empty-line-between-blocks"><failure message="Space expected between blocks"><![CDATA[line 38, col 1, Warning - Space expected between blocks (empty-line-between-blocks)]]></failure></testcase>
<testcase time="0" name="org.eslint.no-css-comments"><failure message="Multiline style comments should not be used"><![CDATA[line 38, col 2, Warning - Multiline style comments should not be used (no-css-comments)]]></failure></testcase>
<testcase time="0" name="org.eslint.indentation"><failure message="Mixed tabs and spaces"><![CDATA[line 38, col 2, Warning - Mixed tabs and spaces (indentation)]]></failure></testcase>
<testcase time="0" name="org.eslint.indentation"><failure message="Mixed tabs and spaces"><![CDATA[line 40, col 2, Warning - Mixed tabs and spaces (indentation)]]></failure></testcase>
<testcase time="0" name="org.eslint.indentation"><failure message="Mixed tabs and spaces"><![CDATA[line 41, col 3, Warning - Mixed tabs and spaces (indentation)]]></failure></testcase>
<testcase time="0" name="org.eslint.empty-line-between-blocks"><failure message="Space expected between blocks"><![CDATA[line 43, col 1, Warning - Space expected between blocks (empty-line-between-blocks)]]></failure></testcase>
<testcase time="0" name="org.eslint.indentation"><failure message="Mixed tabs and spaces"><![CDATA[line 43, col 2, Warning - Mixed tabs and spaces (indentation)]]></failure></testcase>
<testcase time="0" name="org.eslint.indentation"><failure message="Mixed tabs and spaces"><![CDATA[line 44, col 2, Warning - Mixed tabs and spaces (indentation)]]></failure></testcase>
<testcase time="0" name="org.eslint.indentation"><failure message="Mixed tabs and spaces"><![CDATA[line 45, col 3, Warning - Mixed tabs and spaces (indentation)]]></failure></testcase>
<testcase time="0" name="org.eslint.empty-line-between-blocks"><failure message="Space expected between blocks"><![CDATA[line 47, col 1, Warning - Space expected between blocks (empty-line-between-blocks)]]></failure></testcase>
<testcase time="0" name="org.eslint.indentation"><failure message="Mixed tabs and spaces"><![CDATA[line 47, col 2, Warning - Mixed tabs and spaces (indentation)]]></failure></testcase>
<testcase time="0" name="org.eslint.indentation"><failure message="Mixed tabs and spaces"><![CDATA[line 48, col 3, Warning - Mixed tabs and spaces (indentation)]]></failure></testcase>
<testcase time="0" name="org.eslint.no-important"><failure message="!important not allowed"><![CDATA[line 48, col 19, Warning - !important not allowed (no-important)]]></failure></testcase>
<testcase time="0" name="org.eslint.empty-line-between-blocks"><failure message="Space expected between blocks"><![CDATA[line 50, col 1, Warning - Space expected between blocks (empty-line-between-blocks)]]></failure></testcase>
<testcase time="0" name="org.eslint.indentation"><failure message="Mixed tabs and spaces"><![CDATA[line 50, col 2, Warning - Mixed tabs and spaces (indentation)]]></failure></testcase>
<testcase time="0" name="org.eslint.indentation"><failure message="Mixed tabs and spaces"><![CDATA[line 51, col 2, Warning - Mixed tabs and spaces (indentation)]]></failure></testcase>
<testcase time="0" name="org.eslint.indentation"><failure message="Mixed tabs and spaces"><![CDATA[line 52, col 2, Warning - Mixed tabs and spaces (indentation)]]></failure></testcase>
<testcase time="0" name="org.eslint.indentation"><failure message="Mixed tabs and spaces"><![CDATA[line 53, col 3, Warning - Mixed tabs and spaces (indentation)]]></failure></testcase>
<testcase time="0" name="org.eslint.indentation"><failure message="Mixed tabs and spaces"><![CDATA[line 54, col 3, Warning - Mixed tabs and spaces (indentation)]]></failure></testcase>
<testcase time="0" name="org.eslint.empty-line-between-blocks"><failure message="Space expected between blocks"><![CDATA[line 56, col 1, Warning - Space expected between blocks (empty-line-between-blocks)]]></failure></testcase>
<testcase time="0" name="org.eslint.indentation"><failure message="Mixed tabs and spaces"><![CDATA[line 56, col 2, Warning - Mixed tabs and spaces (indentation)]]></failure></testcase>
<testcase time="0" name="org.eslint.indentation"><failure message="Mixed tabs and spaces"><![CDATA[line 57, col 2, Warning - Mixed tabs and spaces (indentation)]]></failure></testcase>
<testcase time="0" name="org.eslint.indentation"><failure message="Mixed tabs and spaces"><![CDATA[line 58, col 3, Warning - Mixed tabs and spaces (indentation)]]></failure></testcase>
</testsuite>
<testsuite package="org.eslint" time="0" tests="90" errors="90" name="src/sass/elements/_elements.typography.scss">
<testcase time="0" name="org.eslint.no-css-comments"><failure message="Multiline style comments should not be used"><![CDATA[line 1, col 1, Warning - Multiline style comments should not be used (no-css-comments)]]></failure></testcase>
<testcase time="0" name="org.eslint.indentation"><failure message="Mixed tabs and spaces"><![CDATA[line 6, col 2, Warning - Mixed tabs and spaces (indentation)]]></failure></testcase>
<testcase time="0" name="org.eslint.indentation"><failure message="Mixed tabs and spaces"><![CDATA[line 7, col 2, Warning - Mixed tabs and spaces (indentation)]]></failure></testcase>
<testcase time="0" name="org.eslint.indentation"><failure message="Mixed tabs and spaces"><![CDATA[line 8, col 2, Warning - Mixed tabs and spaces (indentation)]]></failure></testcase>
<testcase time="0" name="org.eslint.indentation"><failure message="Mixed tabs and spaces"><![CDATA[line 9, col 2, Warning - Mixed tabs and spaces (indentation)]]></failure></testcase>
<testcase time="0" name="org.eslint.indentation"><failure message="Mixed tabs and spaces"><![CDATA[line 10, col 2, Warning - Mixed tabs and spaces (indentation)]]></failure></testcase>
<testcase time="0" name="org.eslint.space-around-operator"><failure message="Space expected around operator"><![CDATA[line 10, col 21, Warning - Space expected around operator (space-around-operator)]]></failure></testcase>
<testcase time="0" name="org.eslint.force-element-nesting"><failure message="Class should be nested within its parent Class"><![CDATA[line 14, col 1, Warning - Class should be nested within its parent Class (force-element-nesting)]]></failure></testcase>
<testcase time="0" name="org.eslint.class-name-format"><failure message="Class &#39;.o-layout__item&#39; should be written in lowercase with hyphens"><![CDATA[line 14, col 12, Warning - Class &#39;.o-layout__item&#39; should be written in lowercase with hyphens (class-name-format)]]></failure></testcase>
<testcase time="0" name="org.eslint.indentation"><failure message="Mixed tabs and spaces"><![CDATA[line 15, col 2, Warning - Mixed tabs and spaces (indentation)]]></failure></testcase>
<testcase time="0" name="org.eslint.indentation"><failure message="Mixed tabs and spaces"><![CDATA[line 16, col 2, Warning - Mixed tabs and spaces (indentation)]]></failure></testcase>
<testcase time="0" name="org.eslint.indentation"><failure message="Mixed tabs and spaces"><![CDATA[line 17, col 2, Warning - Mixed tabs and spaces (indentation)]]></failure></testcase>
<testcase time="0" name="org.eslint.leading-zero"><failure message="Don&#39;t include leading zeros on numbers"><![CDATA[line 17, col 25, Warning - Don&#39;t include leading zeros on numbers (leading-zero)]]></failure></testcase>
<testcase time="0" name="org.eslint.indentation"><failure message="Mixed tabs and spaces"><![CDATA[line 19, col 2, Warning - Mixed tabs and spaces (indentation)]]></failure></testcase>
<testcase time="0" name="org.eslint.indentation"><failure message="Mixed tabs and spaces"><![CDATA[line 20, col 2, Warning - Mixed tabs and spaces (indentation)]]></failure></testcase>
<testcase time="0" name="org.eslint.indentation"><failure message="Mixed tabs and spaces"><![CDATA[line 21, col 2, Warning - Mixed tabs and spaces (indentation)]]></failure></testcase>
<testcase time="0" name="org.eslint.leading-zero"><failure message="Don&#39;t include leading zeros on numbers"><![CDATA[line 21, col 28, Warning - Don&#39;t include leading zeros on numbers (leading-zero)]]></failure></testcase>
<testcase time="0" name="org.eslint.indentation"><failure message="Mixed tabs and spaces"><![CDATA[line 25, col 2, Warning - Mixed tabs and spaces (indentation)]]></failure></testcase>
<testcase time="0" name="org.eslint.indentation"><failure message="Mixed tabs and spaces"><![CDATA[line 26, col 2, Warning - Mixed tabs and spaces (indentation)]]></failure></testcase>
<testcase time="0" name="org.eslint.property-sort-order"><failure message="Expected `text-decoration`, found `transition`"><![CDATA[line 26, col 2, Warning - Expected `text-decoration`, found `transition` (property-sort-order)]]></failure></testcase>
<testcase time="0" name="org.eslint.property-sort-order"><failure message="Expected `transition`, found `text-decoration`"><![CDATA[line 27, col 2, Warning - Expected `transition`, found `text-decoration` (property-sort-order)]]></failure></testcase>
<testcase time="0" name="org.eslint.indentation"><failure message="Mixed tabs and spaces"><![CDATA[line 27, col 2, Warning - Mixed tabs and spaces (indentation)]]></failure></testcase>
<testcase time="0" name="org.eslint.empty-line-between-blocks"><failure message="Space expected between blocks"><![CDATA[line 28, col 1, Warning - Space expected between blocks (empty-line-between-blocks)]]></failure></testcase>
<testcase time="0" name="org.eslint.indentation"><failure message="Mixed tabs and spaces"><![CDATA[line 28, col 2, Warning - Mixed tabs and spaces (indentation)]]></failure></testcase>
<testcase time="0" name="org.eslint.single-line-per-selector"><failure message="Selectors must be placed on new lines"><![CDATA[line 28, col 11, Warning - Selectors must be placed on new lines (single-line-per-selector)]]></failure></testcase>
<testcase time="0" name="org.eslint.single-line-per-selector"><failure message="Selectors must be placed on new lines"><![CDATA[line 28, col 21, Warning - Selectors must be placed on new lines (single-line-per-selector)]]></failure></testcase>
<testcase time="0" name="org.eslint.property-sort-order"><failure message="Expected `color`, found `text-decoration`"><![CDATA[line 29, col 3, Warning - Expected `color`, found `text-decoration` (property-sort-order)]]></failure></testcase>
<testcase time="0" name="org.eslint.indentation"><failure message="Mixed tabs and spaces"><![CDATA[line 29, col 3, Warning - Mixed tabs and spaces (indentation)]]></failure></testcase>
<testcase time="0" name="org.eslint.property-sort-order"><failure message="Expected `text-decoration`, found `color`"><![CDATA[line 30, col 3, Warning - Expected `text-decoration`, found `color` (property-sort-order)]]></failure></testcase>
<testcase time="0" name="org.eslint.indentation"><failure message="Mixed tabs and spaces"><![CDATA[line 30, col 3, Warning - Mixed tabs and spaces (indentation)]]></failure></testcase>
<testcase time="0" name="org.eslint.force-element-nesting"><failure message="Type-selector should be nested within its parent Type-selector"><![CDATA[line 34, col 1, Warning - Type-selector should be nested within its parent Type-selector (force-element-nesting)]]></failure></testcase>
<testcase time="0" name="org.eslint.indentation"><failure message="Mixed tabs and spaces"><![CDATA[line 35, col 2, Warning - Mixed tabs and spaces (indentation)]]></failure></testcase>
<testcase time="0" name="org.eslint.indentation"><failure message="Mixed tabs and spaces"><![CDATA[line 39, col 2, Warning - Mixed tabs and spaces (indentation)]]></failure></testcase>
<testcase time="0" name="org.eslint.space-after-comma"><failure message="Commas should be followed by a space"><![CDATA[line 42, col 3, Warning - Commas should be followed by a space (space-after-comma)]]></failure></testcase>
<testcase time="0" name="org.eslint.single-line-per-selector"><failure message="Selectors must be placed on new lines"><![CDATA[line 42, col 4, Warning - Selectors must be placed on new lines (single-line-per-selector)]]></failure></testcase>
<testcase time="0" name="org.eslint.space-after-comma"><failure message="Commas should be followed by a space"><![CDATA[line 42, col 6, Warning - Commas should be followed by a space (space-after-comma)]]></failure></testcase>
<testcase time="0" name="org.eslint.single-line-per-selector"><failure message="Selectors must be placed on new lines"><![CDATA[line 42, col 7, Warning - Selectors must be placed on new lines (single-line-per-selector)]]></failure></testcase>
<testcase time="0" name="org.eslint.space-after-comma"><failure message="Commas should be followed by a space"><![CDATA[line 42, col 9, Warning - Commas should be followed by a space (space-after-comma)]]></failure></testcase>
<testcase time="0" name="org.eslint.single-line-per-selector"><failure message="Selectors must be placed on new lines"><![CDATA[line 42, col 10, Warning - Selectors must be placed on new lines (single-line-per-selector)]]></failure></testcase>
<testcase time="0" name="org.eslint.space-after-comma"><failure message="Commas should be followed by a space"><![CDATA[line 42, col 12, Warning - Commas should be followed by a space (space-after-comma)]]></failure></testcase>
<testcase time="0" name="org.eslint.single-line-per-selector"><failure message="Selectors must be placed on new lines"><![CDATA[line 42, col 13, Warning - Selectors must be placed on new lines (single-line-per-selector)]]></failure></testcase>
<testcase time="0" name="org.eslint.space-after-comma"><failure message="Commas should be followed by a space"><![CDATA[line 42, col 15, Warning - Commas should be followed by a space (space-after-comma)]]></failure></testcase>
<testcase time="0" name="org.eslint.single-line-per-selector"><failure message="Selectors must be placed on new lines"><![CDATA[line 42, col 16, Warning - Selectors must be placed on new lines (single-line-per-selector)]]></failure></testcase>
<testcase time="0" name="org.eslint.indentation"><failure message="Mixed tabs and spaces"><![CDATA[line 46, col 2, Warning - Mixed tabs and spaces (indentation)]]></failure></testcase>
<testcase time="0" name="org.eslint.indentation"><failure message="Mixed tabs and spaces"><![CDATA[line 47, col 2, Warning - Mixed tabs and spaces (indentation)]]></failure></testcase>
<testcase time="0" name="org.eslint.space-after-comma"><failure message="Commas should be followed by a space"><![CDATA[line 52, col 3, Warning - Commas should be followed by a space (space-after-comma)]]></failure></testcase>
<testcase time="0" name="org.eslint.single-line-per-selector"><failure message="Selectors must be placed on new lines"><![CDATA[line 52, col 4, Warning - Selectors must be placed on new lines (single-line-per-selector)]]></failure></testcase>
<testcase time="0" name="org.eslint.indentation"><failure message="Mixed tabs and spaces"><![CDATA[line 53, col 2, Warning - Mixed tabs and spaces (indentation)]]></failure></testcase>
<testcase time="0" name="org.eslint.space-around-operator"><failure message="Space expected around operator"><![CDATA[line 53, col 12, Warning - Space expected around operator (space-around-operator)]]></failure></testcase>
<testcase time="0" name="org.eslint.space-around-operator"><failure message="Space expected around operator"><![CDATA[line 53, col 16, Warning - Space expected around operator (space-around-operator)]]></failure></testcase>
<testcase time="0" name="org.eslint.indentation"><failure message="Mixed tabs and spaces"><![CDATA[line 54, col 2, Warning - Mixed tabs and spaces (indentation)]]></failure></testcase>
<testcase time="0" name="org.eslint.leading-zero"><failure message="Don&#39;t include leading zeros on numbers"><![CDATA[line 54, col 29, Warning - Don&#39;t include leading zeros on numbers (leading-zero)]]></failure></testcase>
<testcase time="0" name="org.eslint.space-after-comma"><failure message="Commas should be followed by a space"><![CDATA[line 57, col 3, Warning - Commas should be followed by a space (space-after-comma)]]></failure></testcase>
<testcase time="0" name="org.eslint.single-line-per-selector"><failure message="Selectors must be placed on new lines"><![CDATA[line 57, col 4, Warning - Selectors must be placed on new lines (single-line-per-selector)]]></failure></testcase>
<testcase time="0" name="org.eslint.indentation"><failure message="Mixed tabs and spaces"><![CDATA[line 58, col 2, Warning - Mixed tabs and spaces (indentation)]]></failure></testcase>
<testcase time="0" name="org.eslint.space-around-operator"><failure message="Space expected around operator"><![CDATA[line 58, col 12, Warning - Space expected around operator (space-around-operator)]]></failure></testcase>
<testcase time="0" name="org.eslint.space-around-operator"><failure message="Space expected around operator"><![CDATA[line 58, col 16, Warning - Space expected around operator (space-around-operator)]]></failure></testcase>
<testcase time="0" name="org.eslint.indentation"><failure message="Mixed tabs and spaces"><![CDATA[line 59, col 2, Warning - Mixed tabs and spaces (indentation)]]></failure></testcase>
<testcase time="0" name="org.eslint.leading-zero"><failure message="Don&#39;t include leading zeros on numbers"><![CDATA[line 59, col 29, Warning - Don&#39;t include leading zeros on numbers (leading-zero)]]></failure></testcase>
<testcase time="0" name="org.eslint.space-after-comma"><failure message="Commas should be followed by a space"><![CDATA[line 62, col 3, Warning - Commas should be followed by a space (space-after-comma)]]></failure></testcase>
<testcase time="0" name="org.eslint.single-line-per-selector"><failure message="Selectors must be placed on new lines"><![CDATA[line 62, col 4, Warning - Selectors must be placed on new lines (single-line-per-selector)]]></failure></testcase>
<testcase time="0" name="org.eslint.indentation"><failure message="Mixed tabs and spaces"><![CDATA[line 63, col 2, Warning - Mixed tabs and spaces (indentation)]]></failure></testcase>
<testcase time="0" name="org.eslint.space-around-operator"><failure message="Space expected around operator"><![CDATA[line 63, col 12, Warning - Space expected around operator (space-around-operator)]]></failure></testcase>
<testcase time="0" name="org.eslint.space-around-operator"><failure message="Space expected around operator"><![CDATA[line 63, col 16, Warning - Space expected around operator (space-around-operator)]]></failure></testcase>
<testcase time="0" name="org.eslint.indentation"><failure message="Mixed tabs and spaces"><![CDATA[line 64, col 2, Warning - Mixed tabs and spaces (indentation)]]></failure></testcase>
<testcase time="0" name="org.eslint.leading-zero"><failure message="Don&#39;t include leading zeros on numbers"><![CDATA[line 64, col 29, Warning - Don&#39;t include leading zeros on numbers (leading-zero)]]></failure></testcase>
<testcase time="0" name="org.eslint.single-line-per-selector"><failure message="Selectors must be placed on new lines"><![CDATA[line 67, col 5, Warning - Selectors must be placed on new lines (single-line-per-selector)]]></failure></testcase>
<testcase time="0" name="org.eslint.indentation"><failure message="Mixed tabs and spaces"><![CDATA[line 68, col 2, Warning - Mixed tabs and spaces (indentation)]]></failure></testcase>
<testcase time="0" name="org.eslint.space-around-operator"><failure message="Space expected around operator"><![CDATA[line 68, col 12, Warning - Space expected around operator (space-around-operator)]]></failure></testcase>
<testcase time="0" name="org.eslint.space-around-operator"><failure message="Space expected around operator"><![CDATA[line 68, col 16, Warning - Space expected around operator (space-around-operator)]]></failure></testcase>
<testcase time="0" name="org.eslint.indentation"><failure message="Mixed tabs and spaces"><![CDATA[line 69, col 2, Warning - Mixed tabs and spaces (indentation)]]></failure></testcase>
<testcase time="0" name="org.eslint.leading-zero"><failure message="Don&#39;t include leading zeros on numbers"><![CDATA[line 69, col 29, Warning - Don&#39;t include leading zeros on numbers (leading-zero)]]></failure></testcase>
<testcase time="0" name="org.eslint.single-line-per-selector"><failure message="Selectors must be placed on new lines"><![CDATA[line 72, col 5, Warning - Selectors must be placed on new lines (single-line-per-selector)]]></failure></testcase>
<testcase time="0" name="org.eslint.indentation"><failure message="Mixed tabs and spaces"><![CDATA[line 73, col 2, Warning - Mixed tabs and spaces (indentation)]]></failure></testcase>
<testcase time="0" name="org.eslint.space-around-operator"><failure message="Space expected around operator"><![CDATA[line 73, col 12, Warning - Space expected around operator (space-around-operator)]]></failure></testcase>
<testcase time="0" name="org.eslint.space-around-operator"><failure message="Space expected around operator"><![CDATA[line 73, col 16, Warning - Space expected around operator (space-around-operator)]]></failure></testcase>
<testcase time="0" name="org.eslint.indentation"><failure message="Mixed tabs and spaces"><![CDATA[line 74, col 2, Warning - Mixed tabs and spaces (indentation)]]></failure></testcase>
<testcase time="0" name="org.eslint.leading-zero"><failure message="Don&#39;t include leading zeros on numbers"><![CDATA[line 74, col 29, Warning - Don&#39;t include leading zeros on numbers (leading-zero)]]></failure></testcase>
<testcase time="0" name="org.eslint.single-line-per-selector"><failure message="Selectors must be placed on new lines"><![CDATA[line 77, col 5, Warning - Selectors must be placed on new lines (single-line-per-selector)]]></failure></testcase>
<testcase time="0" name="org.eslint.indentation"><failure message="Mixed tabs and spaces"><![CDATA[line 78, col 2, Warning - Mixed tabs and spaces (indentation)]]></failure></testcase>
<testcase time="0" name="org.eslint.space-around-operator"><failure message="Space expected around operator"><![CDATA[line 78, col 12, Warning - Space expected around operator (space-around-operator)]]></failure></testcase>
<testcase time="0" name="org.eslint.space-around-operator"><failure message="Space expected around operator"><![CDATA[line 78, col 16, Warning - Space expected around operator (space-around-operator)]]></failure></testcase>
<testcase time="0" name="org.eslint.indentation"><failure message="Mixed tabs and spaces"><![CDATA[line 79, col 2, Warning - Mixed tabs and spaces (indentation)]]></failure></testcase>
<testcase time="0" name="org.eslint.leading-zero"><failure message="Don&#39;t include leading zeros on numbers"><![CDATA[line 79, col 29, Warning - Don&#39;t include leading zeros on numbers (leading-zero)]]></failure></testcase>
<testcase time="0" name="org.eslint.indentation"><failure message="Mixed tabs and spaces"><![CDATA[line 83, col 2, Warning - Mixed tabs and spaces (indentation)]]></failure></testcase>
<testcase time="0" name="org.eslint.indentation"><failure message="Mixed tabs and spaces"><![CDATA[line 84, col 3, Warning - Mixed tabs and spaces (indentation)]]></failure></testcase>
<testcase time="0" name="org.eslint.indentation"><failure message="Mixed tabs and spaces"><![CDATA[line 91, col 2, Warning - Mixed tabs and spaces (indentation)]]></failure></testcase>
<testcase time="0" name="org.eslint.indentation"><failure message="Mixed tabs and spaces"><![CDATA[line 92, col 3, Warning - Mixed tabs and spaces (indentation)]]></failure></testcase>
<testcase time="0" name="org.eslint.no-important"><failure message="!important not allowed"><![CDATA[line 92, col 17, Warning - !important not allowed (no-important)]]></failure></testcase>
<testcase time="0" name="org.eslint.space-before-bang"><failure message="Whitespace required before !important"><![CDATA[line 92, col 17, Warning - Whitespace required before !important (space-before-bang)]]></failure></testcase>
</testsuite>
<testsuite package="org.eslint" time="0" tests="32" errors="32" name="src/sass/generic/_generic.general.scss">
<testcase time="0" name="org.eslint.no-css-comments"><failure message="Multiline style comments should not be used"><![CDATA[line 1, col 1, Warning - Multiline style comments should not be used (no-css-comments)]]></failure></testcase>
<testcase time="0" name="org.eslint.no-vendor-prefixes"><failure message="Vendor prefixes should not be used"><![CDATA[line 5, col 3, Warning - Vendor prefixes should not be used (no-vendor-prefixes)]]></failure></testcase>
<testcase time="0" name="org.eslint.indentation"><failure message="Mixed tabs and spaces"><![CDATA[line 6, col 2, Warning - Mixed tabs and spaces (indentation)]]></failure></testcase>
<testcase time="0" name="org.eslint.indentation"><failure message="Mixed tabs and spaces"><![CDATA[line 7, col 2, Warning - Mixed tabs and spaces (indentation)]]></failure></testcase>
<testcase time="0" name="org.eslint.no-color-literals"><failure message="Color literals such as &#39;#fff&#39; should only be used in variable declarations"><![CDATA[line 7, col 9, Warning - Color literals such as &#39;#fff&#39; should only be used in variable declarations (no-color-literals)]]></failure></testcase>
<testcase time="0" name="org.eslint.indentation"><failure message="Mixed tabs and spaces"><![CDATA[line 8, col 2, Warning - Mixed tabs and spaces (indentation)]]></failure></testcase>
<testcase time="0" name="org.eslint.indentation"><failure message="Mixed tabs and spaces"><![CDATA[line 12, col 2, Warning - Mixed tabs and spaces (indentation)]]></failure></testcase>
<testcase time="0" name="org.eslint.indentation"><failure message="Mixed tabs and spaces"><![CDATA[line 13, col 2, Warning - Mixed tabs and spaces (indentation)]]></failure></testcase>
<testcase time="0" name="org.eslint.no-color-literals"><failure message="Color literals such as &#39;#fff&#39; should only be used in variable declarations"><![CDATA[line 13, col 9, Warning - Color literals such as &#39;#fff&#39; should only be used in variable declarations (no-color-literals)]]></failure></testcase>
<testcase time="0" name="org.eslint.indentation"><failure message="Mixed tabs and spaces"><![CDATA[line 14, col 2, Warning - Mixed tabs and spaces (indentation)]]></failure></testcase>
<testcase time="0" name="org.eslint.property-sort-order"><failure message="Expected `-moz-osx-font-smoothing`, found `padding`"><![CDATA[line 19, col 2, Warning - Expected `-moz-osx-font-smoothing`, found `padding` (property-sort-order)]]></failure></testcase>
<testcase time="0" name="org.eslint.indentation"><failure message="Mixed tabs and spaces"><![CDATA[line 19, col 2, Warning - Mixed tabs and spaces (indentation)]]></failure></testcase>
<testcase time="0" name="org.eslint.property-sort-order"><failure message="Expected `-ms-text-size-adjust`, found `margin`"><![CDATA[line 20, col 2, Warning - Expected `-ms-text-size-adjust`, found `margin` (property-sort-order)]]></failure></testcase>
<testcase time="0" name="org.eslint.indentation"><failure message="Mixed tabs and spaces"><![CDATA[line 20, col 2, Warning - Mixed tabs and spaces (indentation)]]></failure></testcase>
<testcase time="0" name="org.eslint.property-sort-order"><failure message="Expected `-webkit-font-smoothing`, found `font-size`"><![CDATA[line 21, col 2, Warning - Expected `-webkit-font-smoothing`, found `font-size` (property-sort-order)]]></failure></testcase>
<testcase time="0" name="org.eslint.indentation"><failure message="Mixed tabs and spaces"><![CDATA[line 21, col 2, Warning - Mixed tabs and spaces (indentation)]]></failure></testcase>
<testcase time="0" name="org.eslint.property-sort-order"><failure message="Expected `-webkit-text-size-adjust`, found `line-height`"><![CDATA[line 22, col 2, Warning - Expected `-webkit-text-size-adjust`, found `line-height` (property-sort-order)]]></failure></testcase>
<testcase time="0" name="org.eslint.indentation"><failure message="Mixed tabs and spaces"><![CDATA[line 22, col 2, Warning - Mixed tabs and spaces (indentation)]]></failure></testcase>
<testcase time="0" name="org.eslint.property-sort-order"><failure message="Expected `font-size`, found `-webkit-text-size-adjust`"><![CDATA[line 23, col 2, Warning - Expected `font-size`, found `-webkit-text-size-adjust` (property-sort-order)]]></failure></testcase>
<testcase time="0" name="org.eslint.no-vendor-prefixes"><failure message="Vendor prefixes should not be used"><![CDATA[line 23, col 2, Warning - Vendor prefixes should not be used (no-vendor-prefixes)]]></failure></testcase>
<testcase time="0" name="org.eslint.indentation"><failure message="Mixed tabs and spaces"><![CDATA[line 23, col 2, Warning - Mixed tabs and spaces (indentation)]]></failure></testcase>
<testcase time="0" name="org.eslint.property-sort-order"><failure message="Expected `line-height`, found `-ms-text-size-adjust`"><![CDATA[line 24, col 2, Warning - Expected `line-height`, found `-ms-text-size-adjust` (property-sort-order)]]></failure></testcase>
<testcase time="0" name="org.eslint.indentation"><failure message="Mixed tabs and spaces"><![CDATA[line 24, col 2, Warning - Mixed tabs and spaces (indentation)]]></failure></testcase>
<testcase time="0" name="org.eslint.no-vendor-prefixes"><failure message="Vendor prefixes should not be used"><![CDATA[line 24, col 2, Warning - Vendor prefixes should not be used (no-vendor-prefixes)]]></failure></testcase>
<testcase time="0" name="org.eslint.property-sort-order"><failure message="Expected `margin`, found `-moz-osx-font-smoothing`"><![CDATA[line 25, col 2, Warning - Expected `margin`, found `-moz-osx-font-smoothing` (property-sort-order)]]></failure></testcase>
<testcase time="0" name="org.eslint.indentation"><failure message="Mixed tabs and spaces"><![CDATA[line 25, col 2, Warning - Mixed tabs and spaces (indentation)]]></failure></testcase>
<testcase time="0" name="org.eslint.no-vendor-prefixes"><failure message="Vendor prefixes should not be used"><![CDATA[line 25, col 2, Warning - Vendor prefixes should not be used (no-vendor-prefixes)]]></failure></testcase>
<testcase time="0" name="org.eslint.indentation"><failure message="Mixed tabs and spaces"><![CDATA[line 26, col 2, Warning - Mixed tabs and spaces (indentation)]]></failure></testcase>
<testcase time="0" name="org.eslint.no-vendor-prefixes"><failure message="Vendor prefixes should not be used"><![CDATA[line 26, col 2, Warning - Vendor prefixes should not be used (no-vendor-prefixes)]]></failure></testcase>
<testcase time="0" name="org.eslint.property-sort-order"><failure message="Expected `padding`, found `-webkit-font-smoothing`"><![CDATA[line 26, col 2, Warning - Expected `padding`, found `-webkit-font-smoothing` (property-sort-order)]]></failure></testcase>
<testcase time="0" name="org.eslint.indentation"><failure message="Mixed tabs and spaces"><![CDATA[line 30, col 2, Warning - Mixed tabs and spaces (indentation)]]></failure></testcase>
<testcase time="0" name="org.eslint.indentation"><failure message="Mixed tabs and spaces"><![CDATA[line 31, col 2, Warning - Mixed tabs and spaces (indentation)]]></failure></testcase>
</testsuite>
<testsuite package="org.eslint" time="0" tests="44" errors="44" name="src/sass/main.scss">
<testcase time="0" name="org.eslint.no-css-comments"><failure message="Multiline style comments should not be used"><![CDATA[line 1, col 1, Warning - Multiline style comments should not be used (no-css-comments)]]></failure></testcase>
<testcase time="0" name="org.eslint.no-css-comments"><failure message="Multiline style comments should not be used"><![CDATA[line 5, col 1, Warning - Multiline style comments should not be used (no-css-comments)]]></failure></testcase>
<testcase time="0" name="org.eslint.no-css-comments"><failure message="Multiline style comments should not be used"><![CDATA[line 11, col 1, Warning - Multiline style comments should not be used (no-css-comments)]]></failure></testcase>
<testcase time="0" name="org.eslint.no-css-comments"><failure message="Multiline style comments should not be used"><![CDATA[line 17, col 1, Warning - Multiline style comments should not be used (no-css-comments)]]></failure></testcase>
<testcase time="0" name="org.eslint.quotes"><failure message="Strings must use single quotes"><![CDATA[line 78, col 9, Warning - Strings must use single quotes (quotes)]]></failure></testcase>
<testcase time="0" name="org.eslint.quotes"><failure message="Strings must use single quotes"><![CDATA[line 79, col 9, Warning - Strings must use single quotes (quotes)]]></failure></testcase>
<testcase time="0" name="org.eslint.quotes"><failure message="Strings must use single quotes"><![CDATA[line 80, col 9, Warning - Strings must use single quotes (quotes)]]></failure></testcase>
<testcase time="0" name="org.eslint.quotes"><failure message="Strings must use single quotes"><![CDATA[line 83, col 9, Warning - Strings must use single quotes (quotes)]]></failure></testcase>
<testcase time="0" name="org.eslint.quotes"><failure message="Strings must use single quotes"><![CDATA[line 84, col 9, Warning - Strings must use single quotes (quotes)]]></failure></testcase>
<testcase time="0" name="org.eslint.quotes"><failure message="Strings must use single quotes"><![CDATA[line 85, col 9, Warning - Strings must use single quotes (quotes)]]></failure></testcase>
<testcase time="0" name="org.eslint.quotes"><failure message="Strings must use single quotes"><![CDATA[line 86, col 9, Warning - Strings must use single quotes (quotes)]]></failure></testcase>
<testcase time="0" name="org.eslint.quotes"><failure message="Strings must use single quotes"><![CDATA[line 87, col 9, Warning - Strings must use single quotes (quotes)]]></failure></testcase>
<testcase time="0" name="org.eslint.quotes"><failure message="Strings must use single quotes"><![CDATA[line 88, col 9, Warning - Strings must use single quotes (quotes)]]></failure></testcase>
<testcase time="0" name="org.eslint.quotes"><failure message="Strings must use single quotes"><![CDATA[line 89, col 9, Warning - Strings must use single quotes (quotes)]]></failure></testcase>
<testcase time="0" name="org.eslint.quotes"><failure message="Strings must use single quotes"><![CDATA[line 90, col 9, Warning - Strings must use single quotes (quotes)]]></failure></testcase>
<testcase time="0" name="org.eslint.quotes"><failure message="Strings must use single quotes"><![CDATA[line 93, col 9, Warning - Strings must use single quotes (quotes)]]></failure></testcase>
<testcase time="0" name="org.eslint.quotes"><failure message="Strings must use single quotes"><![CDATA[line 94, col 9, Warning - Strings must use single quotes (quotes)]]></failure></testcase>
<testcase time="0" name="org.eslint.quotes"><failure message="Strings must use single quotes"><![CDATA[line 95, col 9, Warning - Strings must use single quotes (quotes)]]></failure></testcase>
<testcase time="0" name="org.eslint.quotes"><failure message="Strings must use single quotes"><![CDATA[line 96, col 9, Warning - Strings must use single quotes (quotes)]]></failure></testcase>
<testcase time="0" name="org.eslint.quotes"><failure message="Strings must use single quotes"><![CDATA[line 97, col 9, Warning - Strings must use single quotes (quotes)]]></failure></testcase>
[...]
<testcase time="0" name="org.eslint.force-attribute-nesting"><failure message="Attribute-selector should be nested within its parent Type-selector"><![CDATA[line 7, col 1, Warning - Attribute-selector should be nested within its parent Type-selector (force-attribute-nesting)]]></failure></testcase>
<testcase time="0" name="org.eslint.no-qualifying-elements"><failure message="Qualifying elements are not allowed for attribute selectors"><![CDATA[line 7, col 5, Warning - Qualifying elements are not allowed for attribute selectors (no-qualifying-elements)]]></failure></testcase>
<testcase time="0" name="org.eslint.quotes"><failure message="Strings must use single quotes"><![CDATA[line 7, col 11, Warning - Strings must use single quotes (quotes)]]></failure></testcase>
<testcase time="0" name="org.eslint.force-pseudo-nesting"><failure message="Pseudo-class should be nested within its parent Type-selector"><![CDATA[line 8, col 1, Warning - Pseudo-class should be nested within its parent Type-selector (force-pseudo-nesting)]]></failure></testcase>
<testcase time="0" name="org.eslint.force-attribute-nesting"><failure message="Attribute-selector should be nested within its parent Type-selector"><![CDATA[line 9, col 1, Warning - Attribute-selector should be nested within its parent Type-selector (force-attribute-nesting)]]></failure></testcase>
<testcase time="0" name="org.eslint.no-qualifying-elements"><failure message="Qualifying elements are not allowed for attribute selectors"><![CDATA[line 9, col 4, Warning - Qualifying elements are not allowed for attribute selectors (no-qualifying-elements)]]></failure></testcase>
<testcase time="0" name="org.eslint.quotes"><failure message="Strings must use single quotes"><![CDATA[line 9, col 9, Warning - Strings must use single quotes (quotes)]]></failure></testcase>
<testcase time="0" name="org.eslint.force-pseudo-nesting"><failure message="Pseudo-class should be nested within its parent Type-selector"><![CDATA[line 10, col 1, Warning - Pseudo-class should be nested within its parent Type-selector (force-pseudo-nesting)]]></failure></testcase>
<testcase time="0" name="org.eslint.force-attribute-nesting"><failure message="Attribute-selector should be nested within its parent Type-selector"><![CDATA[line 11, col 1, Warning - Attribute-selector should be nested within its parent Type-selector (force-attribute-nesting)]]></failure></testcase>
<testcase time="0" name="org.eslint.no-qualifying-elements"><failure message="Qualifying elements are not allowed for attribute selectors"><![CDATA[line 11, col 2, Warning - Qualifying elements are not allowed for attribute selectors (no-qualifying-elements)]]></failure></testcase>
<testcase time="0" name="org.eslint.quotes"><failure message="Strings must use single quotes"><![CDATA[line 11, col 8, Warning - Strings must use single quotes (quotes)]]></failure></testcase>
<testcase time="0" name="org.eslint.force-attribute-nesting"><failure message="Attribute-selector should be nested within its parent Type-selector"><![CDATA[line 12, col 1, Warning - Attribute-selector should be nested within its parent Type-selector (force-attribute-nesting)]]></failure></testcase>
<testcase time="0" name="org.eslint.no-qualifying-elements"><failure message="Qualifying elements are not allowed for attribute selectors"><![CDATA[line 12, col 2, Warning - Qualifying elements are not allowed for attribute selectors (no-qualifying-elements)]]></failure></testcase>
<testcase time="0" name="org.eslint.quotes"><failure message="Strings must use single quotes"><![CDATA[line 12, col 8, Warning - Strings must use single quotes (quotes)]]></failure></testcase>
<testcase time="0" name="org.eslint.force-pseudo-nesting"><failure message="Pseudo-class should be nested within its parent Attribute-selector"><![CDATA[line 13, col 1, Warning - Pseudo-class should be nested within its parent Attribute-selector (force-pseudo-nesting)]]></failure></testcase>
<testcase time="0" name="org.eslint.force-attribute-nesting"><failure message="Attribute-selector should be nested within its parent Type-selector"><![CDATA[line 13, col 1, Warning - Attribute-selector should be nested within its parent Type-selector (force-attribute-nesting)]]></failure></testcase>
<testcase time="0" name="org.eslint.no-qualifying-elements"><failure message="Qualifying elements are not allowed for attribute selectors"><![CDATA[line 13, col 5, Warning - Qualifying elements are not allowed for attribute selectors (no-qualifying-elements)]]></failure></testcase>
<testcase time="0" name="org.eslint.quotes"><failure message="Strings must use single quotes"><![CDATA[line 13, col 28, Warning - Strings must use single quotes (quotes)]]></failure></testcase>
<testcase time="0" name="org.eslint.force-attribute-nesting"><failure message="Attribute-selector should be nested within its parent Type-selector"><![CDATA[line 14, col 1, Warning - Attribute-selector should be nested within its parent Type-selector (force-attribute-nesting)]]></failure></testcase>
<testcase time="0" name="org.eslint.force-pseudo-nesting"><failure message="Pseudo-class should be nested within its parent Attribute-selector"><![CDATA[line 14, col 1, Warning - Pseudo-class should be nested within its parent Attribute-selector (force-pseudo-nesting)]]></failure></testcase>
<testcase time="0" name="org.eslint.no-qualifying-elements"><failure message="Qualifying elements are not allowed for attribute selectors"><![CDATA[line 14, col 5, Warning - Qualifying elements are not allowed for attribute selectors (no-qualifying-elements)]]></failure></testcase>
<testcase time="0" name="org.eslint.quotes"><failure message="Strings must use single quotes"><![CDATA[line 14, col 14, Warning - Strings must use single quotes (quotes)]]></failure></testcase>
<testcase time="0" name="org.eslint.force-attribute-nesting"><failure message="Attribute-selector should be nested within its parent Type-selector"><![CDATA[line 15, col 1, Warning - Attribute-selector should be nested within its parent Type-selector (force-attribute-nesting)]]></failure></testcase>
<testcase time="0" name="org.eslint.no-qualifying-elements"><failure message="Qualifying elements are not allowed for attribute selectors"><![CDATA[line 15, col 2, Warning - Qualifying elements are not allowed for attribute selectors (no-qualifying-elements)]]></failure></testcase>
<testcase time="0" name="org.eslint.quotes"><failure message="Strings must use single quotes"><![CDATA[line 15, col 9, Warning - Strings must use single quotes (quotes)]]></failure></testcase>
<testcase time="0" name="org.eslint.force-attribute-nesting"><failure message="Attribute-selector should be nested within its parent Attribute-selector"><![CDATA[line 16, col 1, Warning - Attribute-selector should be nested within its parent Attribute-selector (force-attribute-nesting)]]></failure></testcase>
<testcase time="0" name="org.eslint.force-attribute-nesting"><failure message="Attribute-selector should be nested within its parent Type-selector"><![CDATA[line 16, col 1, Warning - Attribute-selector should be nested within its parent Type-selector (force-attribute-nesting)]]></failure></testcase>
<testcase time="0" name="org.eslint.no-qualifying-elements"><failure message="Qualifying elements are not allowed for attribute selectors"><![CDATA[line 16, col 5, Warning - Qualifying elements are not allowed for attribute selectors (no-qualifying-elements)]]></failure></testcase>
<testcase time="0" name="org.eslint.quotes"><failure message="Strings must use single quotes"><![CDATA[line 16, col 11, Warning - Strings must use single quotes (quotes)]]></failure></testcase>
<testcase time="0" name="org.eslint.quotes"><failure message="Strings must use single quotes"><![CDATA[line 16, col 32, Warning - Strings must use single quotes (quotes)]]></failure></testcase>
<testcase time="0" name="org.eslint.force-attribute-nesting"><failure message="Attribute-selector should be nested within its parent Attribute-selector"><![CDATA[line 17, col 1, Warning - Attribute-selector should be nested within its parent Attribute-selector (force-attribute-nesting)]]></failure></testcase>
<testcase time="0" name="org.eslint.force-attribute-nesting"><failure message="Attribute-selector should be nested within its parent Type-selector"><![CDATA[line 17, col 1, Warning - Attribute-selector should be nested within its parent Type-selector (force-attribute-nesting)]]></failure></testcase>
<testcase time="0" name="org.eslint.no-qualifying-elements"><failure message="Qualifying elements are not allowed for attribute selectors"><![CDATA[line 17, col 5, Warning - Qualifying elements are not allowed for attribute selectors (no-qualifying-elements)]]></failure></testcase>
<testcase time="0" name="org.eslint.quotes"><failure message="Strings must use single quotes"><![CDATA[line 17, col 11, Warning - Strings must use single quotes (quotes)]]></failure></testcase>
<testcase time="0" name="org.eslint.quotes"><failure message="Strings must use single quotes"><![CDATA[line 17, col 32, Warning - Strings must use single quotes (quotes)]]></failure></testcase>
<testcase time="0" name="org.eslint.force-attribute-nesting"><failure message="Attribute-selector should be nested within its parent Attribute-selector"><![CDATA[line 18, col 1, Warning - Attribute-selector should be nested within its parent Attribute-selector (force-attribute-nesting)]]></failure></testcase>
<testcase time="0" name="org.eslint.force-attribute-nesting"><failure message="Attribute-selector should be nested within its parent Type-selector"><![CDATA[line 18, col 1, Warning - Attribute-selector should be nested within its parent Type-selector (force-attribute-nesting)]]></failure></testcase>
<testcase time="0" name="org.eslint.no-qualifying-elements"><failure message="Qualifying elements are not allowed for attribute selectors"><![CDATA[line 18, col 5, Warning - Qualifying elements are not allowed for attribute selectors (no-qualifying-elements)]]></failure></testcase>
<testcase time="0" name="org.eslint.quotes"><failure message="Strings must use single quotes"><![CDATA[line 18, col 11, Warning - Strings must use single quotes (quotes)]]></failure></testcase>
<testcase time="0" name="org.eslint.quotes"><failure message="Strings must use single quotes"><![CDATA[line 18, col 32, Warning - Strings must use single quotes (quotes)]]></failure></testcase>
<testcase time="0" name="org.eslint.force-pseudo-nesting"><failure message="Pseudo-class should be nested within its parent Type-selector"><![CDATA[line 19, col 1, Warning - Pseudo-class should be nested within its parent Type-selector (force-pseudo-nesting)]]></failure></testcase>
<testcase time="0" name="org.eslint.force-pseudo-nesting"><failure message="Pseudo-class should be nested within its parent Type-selector"><![CDATA[line 20, col 1, Warning - Pseudo-class should be nested within its parent Type-selector (force-pseudo-nesting)]]></failure></testcase>
<testcase time="0" name="org.eslint.force-pseudo-nesting"><failure message="Pseudo-class should be nested within its parent Type-selector"><![CDATA[line 21, col 1, Warning - Pseudo-class should be nested within its parent Type-selector (force-pseudo-nesting)]]></failure></testcase>
<testcase time="0" name="org.eslint.force-pseudo-nesting"><failure message="Pseudo-class should be nested within its parent Type-selector"><![CDATA[line 22, col 1, Warning - Pseudo-class should be nested within its parent Type-selector (force-pseudo-nesting)]]></failure></testcase>
<testcase time="0" name="org.eslint.force-pseudo-nesting"><failure message="Pseudo-class should be nested within its parent Type-selector"><![CDATA[line 23, col 1, Warning - Pseudo-class should be nested within its parent Type-selector (force-pseudo-nesting)]]></failure></testcase>
<testcase time="0" name="org.eslint.force-pseudo-nesting"><failure message="Pseudo-class should be nested within its parent Type-selector"><![CDATA[line 24, col 1, Warning - Pseudo-class should be nested within its parent Type-selector (force-pseudo-nesting)]]></failure></testcase>
<testcase time="0" name="org.eslint.force-pseudo-nesting"><failure message="Pseudo-class should be nested within its parent Type-selector"><![CDATA[line 25, col 1, Warning - Pseudo-class should be nested within its parent Type-selector (force-pseudo-nesting)]]></failure></testcase>
<testcase time="0" name="org.eslint.force-pseudo-nesting"><failure message="Pseudo-class should be nested within its parent Type-selector"><![CDATA[line 26, col 1, Warning - Pseudo-class should be nested within its parent Type-selector (force-pseudo-nesting)]]></failure></testcase>
<testcase time="0" name="org.eslint.force-pseudo-nesting"><failure message="Pseudo-class should be nested within its parent Pseudo-class"><![CDATA[line 26, col 1, Warning - Pseudo-class should be nested within its parent Pseudo-class (force-pseudo-nesting)]]></failure></testcase>
<testcase time="0" name="org.eslint.force-pseudo-nesting"><failure message="Pseudo-class should be nested within its parent Type-selector"><![CDATA[line 27, col 1, Warning - Pseudo-class should be nested within its parent Type-selector (force-pseudo-nesting)]]></failure></testcase>
<testcase time="0" name="org.eslint.force-pseudo-nesting"><failure message="Pseudo-class should be nested within its parent Type-selector"><![CDATA[line 28, col 1, Warning - Pseudo-class should be nested within its parent Type-selector (force-pseudo-nesting)]]></failure></testcase>
<testcase time="0" name="org.eslint.force-attribute-nesting"><failure message="Attribute-selector should be nested within its parent Type-selector"><![CDATA[line 29, col 1, Warning - Attribute-selector should be nested within its parent Type-selector (force-attribute-nesting)]]></failure></testcase>
<testcase time="0" name="org.eslint.no-qualifying-elements"><failure message="Qualifying elements are not allowed for attribute selectors"><![CDATA[line 29, col 7, Warning - Qualifying elements are not allowed for attribute selectors (no-qualifying-elements)]]></failure></testcase>
<testcase time="0" name="org.eslint.quotes"><failure message="Strings must use single quotes"><![CDATA[line 29, col 13, Warning - Strings must use single quotes (quotes)]]></failure></testcase>
<testcase time="0" name="org.eslint.force-attribute-nesting"><failure message="Attribute-selector should be nested within its parent Attribute-selector"><![CDATA[line 30, col 1, Warning - Attribute-selector should be nested within its parent Attribute-selector (force-attribute-nesting)]]></failure></testcase>
<testcase time="0" name="org.eslint.force-attribute-nesting"><failure message="Attribute-selector should be nested within its parent Type-selector"><![CDATA[line 30, col 1, Warning - Attribute-selector should be nested within its parent Type-selector (force-attribute-nesting)]]></failure></testcase>
<testcase time="0" name="org.eslint.no-qualifying-elements"><failure message="Qualifying elements are not allowed for attribute selectors"><![CDATA[line 30, col 5, Warning - Qualifying elements are not allowed for attribute selectors (no-qualifying-elements)]]></failure></testcase>
<testcase time="0" name="org.eslint.quotes"><failure message="Strings must use single quotes"><![CDATA[line 30, col 10, Warning - Strings must use single quotes (quotes)]]></failure></testcase>
<testcase time="0" name="org.eslint.quotes"><failure message="Strings must use single quotes"><![CDATA[line 30, col 29, Warning - Strings must use single quotes (quotes)]]></failure></testcase>
<testcase time="0" name="org.eslint.indentation"><failure message="Mixed tabs and spaces"><![CDATA[line 31, col 2, Warning - Mixed tabs and spaces (indentation)]]></failure></testcase>
<testcase time="0" name="org.eslint.no-color-literals"><failure message="Color literals such as &#39;red&#39; should only be used in variable declarations"><![CDATA[line 31, col 20, Warning - Color literals such as &#39;red&#39; should only be used in variable declarations (no-color-literals)]]></failure></testcase>
<testcase time="0" name="org.eslint.no-color-keywords"><failure message="Color &#39;red&#39; should be written in its hexadecimal form #ff0000"><![CDATA[line 31, col 20, Warning - Color &#39;red&#39; should be written in its hexadecimal form #ff0000 (no-color-keywords)]]></failure></testcase>
</testsuite>
<testsuite package="org.eslint" time="0" tests="16" errors="16" name="src/sass/utilities/_utilities.typography.scss">
<testcase time="0" name="org.eslint.no-css-comments"><failure message="Multiline style comments should not be used"><![CDATA[line 1, col 1, Warning - Multiline style comments should not be used (no-css-comments)]]></failure></testcase>
<testcase time="0" name="org.eslint.no-important"><failure message="!important not allowed"><![CDATA[line 5, col 34, Warning - !important not allowed (no-important)]]></failure></testcase>
<testcase time="0" name="org.eslint.space-before-bang"><failure message="Whitespace required before !important"><![CDATA[line 5, col 34, Warning - Whitespace required before !important (space-before-bang)]]></failure></testcase>
<testcase time="0" name="org.eslint.no-important"><failure message="!important not allowed"><![CDATA[line 6, col 33, Warning - !important not allowed (no-important)]]></failure></testcase>
<testcase time="0" name="org.eslint.space-before-bang"><failure message="Whitespace required before !important"><![CDATA[line 6, col 33, Warning - Whitespace required before !important (space-before-bang)]]></failure></testcase>
<testcase time="0" name="org.eslint.no-important"><failure message="!important not allowed"><![CDATA[line 7, col 35, Warning - !important not allowed (no-important)]]></failure></testcase>
<testcase time="0" name="org.eslint.space-before-bang"><failure message="Whitespace required before !important"><![CDATA[line 7, col 35, Warning - Whitespace required before !important (space-before-bang)]]></failure></testcase>
<testcase time="0" name="org.eslint.space-before-bang"><failure message="Whitespace required before !important"><![CDATA[line 8, col 31, Warning - Whitespace required before !important (space-before-bang)]]></failure></testcase>
<testcase time="0" name="org.eslint.no-important"><failure message="!important not allowed"><![CDATA[line 8, col 31, Warning - !important not allowed (no-important)]]></failure></testcase>
<testcase time="0" name="org.eslint.indentation"><failure message="Mixed tabs and spaces"><![CDATA[line 11, col 2, Warning - Mixed tabs and spaces (indentation)]]></failure></testcase>
<testcase time="0" name="org.eslint.empty-line-between-blocks"><failure message="Space expected between blocks"><![CDATA[line 12, col 1, Warning - Space expected between blocks (empty-line-between-blocks)]]></failure></testcase>
<testcase time="0" name="org.eslint.indentation"><failure message="Mixed tabs and spaces"><![CDATA[line 12, col 2, Warning - Mixed tabs and spaces (indentation)]]></failure></testcase>
<testcase time="0" name="org.eslint.pseudo-element"><failure message="Pseudo-elements must start with double colons"><![CDATA[line 12, col 3, Warning - Pseudo-elements must start with double colons (pseudo-element)]]></failure></testcase>
<testcase time="0" name="org.eslint.indentation"><failure message="Mixed tabs and spaces"><![CDATA[line 13, col 3, Warning - Mixed tabs and spaces (indentation)]]></failure></testcase>
<testcase time="0" name="org.eslint.indentation"><failure message="Mixed tabs and spaces"><![CDATA[line 14, col 3, Warning - Mixed tabs and spaces (indentation)]]></failure></testcase>
<testcase time="0" name="org.eslint.indentation"><failure message="Mixed tabs and spaces"><![CDATA[line 15, col 3, Warning - Mixed tabs and spaces (indentation)]]></failure></testcase>
</testsuite>
</testsuites>
